The target system is: Linux -  - arm
The host system is: Linux - 6.2.0-34-generic - x86_64
Compiling the C compiler identification source file "CMakeCCompilerId.c" succeeded.
Compiler: /usr/bin/arm-linux-gnueabi-gcc 
Build flags: 
Id flags:  

The output was:
0


Compilation of the C compiler identification source "CMakeCCompilerId.c" produced "a.out"

The C compiler identification is GNU, found in "/home/l/Desktop/superheroes-c/arm-build/CMakeFiles/3.22.1/CompilerIdC/a.out"

Compiling the CXX compiler identification source file "CMakeCXXCompilerId.cpp" succeeded.
Compiler: /usr/bin/arm-linux-gnueabi-g++ 
Build flags: 
Id flags:  

The output was:
0


Compilation of the CXX compiler identification source "CMakeCXXCompilerId.cpp" produced "a.out"

The CXX compiler identification is GNU, found in "/home/l/Desktop/superheroes-c/arm-build/CMakeFiles/3.22.1/CompilerIdCXX/a.out"

Detecting C compiler ABI info compiled with the following output:
Change Dir: /home/l/Desktop/superheroes-c/arm-build/CMakeFiles/CMakeTmp

Run Build Command(s):/usr/bin/gmake -f Makefile cmTC_3f691/fast && /usr/bin/gmake  -f CMakeFiles/cmTC_3f691.dir/build.make CMakeFiles/cmTC_3f691.dir/build
gmake[1]: Entering directory '/home/l/Desktop/superheroes-c/arm-build/CMakeFiles/CMakeTmp'
Building C object CMakeFiles/cmTC_3f691.dir/CMakeCCompilerABI.c.o
/usr/bin/arm-linux-gnueabi-gcc   -v -o CMakeFiles/cmTC_3f691.dir/CMakeCCompilerABI.c.o -c /usr/share/cmake-3.22/Modules/CMakeCCompilerABI.c
Using built-in specs.
COLLECT_GCC=/usr/bin/arm-linux-gnueabi-gcc
Target: arm-linux-gnueabi
Configured with: ../src/configure -v --with-pkgversion='Ubuntu 11.4.0-1ubuntu1~22.04' --with-bugurl=file:///usr/share/doc/gcc-11/README.Bugs --enable-languages=c,ada,c++,go,d,fortran,objc,obj-c++,m2 --prefix=/usr --with-gcc-major-version-only --program-suffix=-11 --enable-shared --enable-linker-build-id --libexecdir=/usr/lib --without-included-gettext --enable-threads=posix --libdir=/usr/lib --enable-nls --with-sysroot=/ --enable-clocale=gnu --enable-libstdcxx-debug --enable-libstdcxx-time=yes --with-default-libstdcxx-abi=new --enable-gnu-unique-object --disable-libitm --disable-libquadmath --disable-libquadmath-support --enable-plugin --with-system-zlib --enable-libphobos-checking=release --without-target-system-zlib --enable-multiarch --disable-sjlj-exceptions --with-specs='%{mfloat-abi=hard:-march=armv7-a -mcpu=generic-armv7-a -mfloat-abi=hard}' --with-arch=armv5t --with-float=soft --disable-werror --enable-checking=release --build=x86_64-linux-gnu --host=x86_64-linux-gnu --target=arm-linux-gnueabi --program-prefix=arm-linux-gnueabi- --includedir=/usr/arm-linux-gnueabi/include --with-build-config=bootstrap-lto-lean --enable-link-serialization=2
Thread model: posix
Supported LTO compression algorithms: zlib zstd
gcc version 11.4.0 (Ubuntu 11.4.0-1ubuntu1~22.04) 
COLLECT_GCC_OPTIONS='-v' '-o' 'CMakeFiles/cmTC_3f691.dir/CMakeCCompilerABI.c.o' '-c'  '-mfloat-abi=soft' '-mtls-dialect=gnu' '-marm' '-mlibarch=armv5t' '-march=armv5t' '-dumpdir' 'CMakeFiles/cmTC_3f691.dir/'
 /usr/lib/gcc-cross/arm-linux-gnueabi/11/cc1 -quiet -v -imultilib . -imultiarch arm-linux-gnueabi /usr/share/cmake-3.22/Modules/CMakeCCompilerABI.c -quiet -dumpdir CMakeFiles/cmTC_3f691.dir/ -dumpbase CMakeCCompilerABI.c.c -dumpbase-ext .c -mfloat-abi=soft -mtls-dialect=gnu -marm -mlibarch=armv5t -march=armv5t -version -fstack-protector-strong -Wformat -Wformat-security -o /tmp/cco4SBIh.s
GNU C17 (Ubuntu 11.4.0-1ubuntu1~22.04) version 11.4.0 (arm-linux-gnueabi)
	compiled by GNU C version 11.4.0, GMP version 6.2.1, MPFR version 4.1.0, MPC version 1.2.1, isl version isl-0.24-GMP

GGC heuristics: --param ggc-min-expand=100 --param ggc-min-heapsize=131072
ignoring nonexistent directory "/usr/local/include/arm-linux-gnueabi"
ignoring nonexistent directory "/usr/lib/gcc-cross/arm-linux-gnueabi/11/include-fixed"
ignoring nonexistent directory "/usr/include/arm-linux-gnueabi"
#include "..." search starts here:
#include <...> search starts here:
 /usr/lib/gcc-cross/arm-linux-gnueabi/11/include
 /usr/lib/gcc-cross/arm-linux-gnueabi/11/../../../../arm-linux-gnueabi/include
 /usr/include
End of search list.
GNU C17 (Ubuntu 11.4.0-1ubuntu1~22.04) version 11.4.0 (arm-linux-gnueabi)
	compiled by GNU C version 11.4.0, GMP version 6.2.1, MPFR version 4.1.0, MPC version 1.2.1, isl version isl-0.24-GMP

GGC heuristics: --param ggc-min-expand=100 --param ggc-min-heapsize=131072
Compiler executable checksum: 69acf3a7a3ccf1d0a70e0c06151619a3
COLLECT_GCC_OPTIONS='-v' '-o' 'CMakeFiles/cmTC_3f691.dir/CMakeCCompilerABI.c.o' '-c'  '-mfloat-abi=soft' '-mtls-dialect=gnu' '-marm' '-mlibarch=armv5t' '-march=armv5t' '-dumpdir' 'CMakeFiles/cmTC_3f691.dir/'
 /usr/lib/gcc-cross/arm-linux-gnueabi/11/../../../../arm-linux-gnueabi/bin/as -v -march=armv5t -mfloat-abi=soft -meabi=5 -o CMakeFiles/cmTC_3f691.dir/CMakeCCompilerABI.c.o /tmp/cco4SBIh.s
GNU assembler version 2.38 (arm-linux-gnueabi) using BFD version (GNU Binutils for Ubuntu) 2.38
COMPILER_PATH=/usr/lib/gcc-cross/arm-linux-gnueabi/11/:/usr/lib/gcc-cross/arm-linux-gnueabi/11/:/usr/lib/gcc-cross/arm-linux-gnueabi/:/usr/lib/gcc-cross/arm-linux-gnueabi/11/:/usr/lib/gcc-cross/arm-linux-gnueabi/:/usr/lib/gcc-cross/arm-linux-gnueabi/11/../../../../arm-linux-gnueabi/bin/
LIBRARY_PATH=/usr/lib/gcc-cross/arm-linux-gnueabi/11/:/usr/lib/gcc-cross/arm-linux-gnueabi/11/../../../../arm-linux-gnueabi/lib/:/lib/arm-linux-gnueabi/:/lib/:/usr/lib/arm-linux-gnueabi/:/usr/lib/
COLLECT_GCC_OPTIONS='-v' '-o' 'CMakeFiles/cmTC_3f691.dir/CMakeCCompilerABI.c.o' '-c'  '-mfloat-abi=soft' '-mtls-dialect=gnu' '-marm' '-mlibarch=armv5t' '-march=armv5t' '-dumpdir' 'CMakeFiles/cmTC_3f691.dir/CMakeCCompilerABI.c.'
Linking C executable cmTC_3f691
/usr/bin/cmake -E cmake_link_script CMakeFiles/cmTC_3f691.dir/link.txt --verbose=1
/usr/bin/arm-linux-gnueabi-gcc  -v CMakeFiles/cmTC_3f691.dir/CMakeCCompilerABI.c.o -o cmTC_3f691 
Using built-in specs.
COLLECT_GCC=/usr/bin/arm-linux-gnueabi-gcc
COLLECT_LTO_WRAPPER=/usr/lib/gcc-cross/arm-linux-gnueabi/11/lto-wrapper
Target: arm-linux-gnueabi
Configured with: ../src/configure -v --with-pkgversion='Ubuntu 11.4.0-1ubuntu1~22.04' --with-bugurl=file:///usr/share/doc/gcc-11/README.Bugs --enable-languages=c,ada,c++,go,d,fortran,objc,obj-c++,m2 --prefix=/usr --with-gcc-major-version-only --program-suffix=-11 --enable-shared --enable-linker-build-id --libexecdir=/usr/lib --without-included-gettext --enable-threads=posix --libdir=/usr/lib --enable-nls --with-sysroot=/ --enable-clocale=gnu --enable-libstdcxx-debug --enable-libstdcxx-time=yes --with-default-libstdcxx-abi=new --enable-gnu-unique-object --disable-libitm --disable-libquadmath --disable-libquadmath-support --enable-plugin --with-system-zlib --enable-libphobos-checking=release --without-target-system-zlib --enable-multiarch --disable-sjlj-exceptions --with-specs='%{mfloat-abi=hard:-march=armv7-a -mcpu=generic-armv7-a -mfloat-abi=hard}' --with-arch=armv5t --with-float=soft --disable-werror --enable-checking=release --build=x86_64-linux-gnu --host=x86_64-linux-gnu --target=arm-linux-gnueabi --program-prefix=arm-linux-gnueabi- --includedir=/usr/arm-linux-gnueabi/include --with-build-config=bootstrap-lto-lean --enable-link-serialization=2
Thread model: posix
Supported LTO compression algorithms: zlib zstd
gcc version 11.4.0 (Ubuntu 11.4.0-1ubuntu1~22.04) 
COMPILER_PATH=/usr/lib/gcc-cross/arm-linux-gnueabi/11/:/usr/lib/gcc-cross/arm-linux-gnueabi/11/:/usr/lib/gcc-cross/arm-linux-gnueabi/:/usr/lib/gcc-cross/arm-linux-gnueabi/11/:/usr/lib/gcc-cross/arm-linux-gnueabi/:/usr/lib/gcc-cross/arm-linux-gnueabi/11/../../../../arm-linux-gnueabi/bin/
LIBRARY_PATH=/usr/lib/gcc-cross/arm-linux-gnueabi/11/:/usr/lib/gcc-cross/arm-linux-gnueabi/11/../../../../arm-linux-gnueabi/lib/:/lib/arm-linux-gnueabi/:/lib/:/usr/lib/arm-linux-gnueabi/:/usr/lib/
COLLECT_GCC_OPTIONS='-v' '-o' 'cmTC_3f691'  '-mfloat-abi=soft' '-mtls-dialect=gnu' '-marm' '-mlibarch=armv5t' '-march=armv5t' '-dumpdir' 'cmTC_3f691.'
 /usr/lib/gcc-cross/arm-linux-gnueabi/11/collect2 -plugin /usr/lib/gcc-cross/arm-linux-gnueabi/11/liblto_plugin.so -plugin-opt=/usr/lib/gcc-cross/arm-linux-gnueabi/11/lto-wrapper -plugin-opt=-fresolution=/tmp/ccsZfEG6.res -plugin-opt=-pass-through=-lgcc -plugin-opt=-pass-through=-lgcc_s -plugin-opt=-pass-through=-lc -plugin-opt=-pass-through=-lgcc -plugin-opt=-pass-through=-lgcc_s --sysroot=/ --build-id --eh-frame-hdr -dynamic-linker /lib/ld-linux.so.3 -X --hash-style=gnu --as-needed -m armelf_linux_eabi -z relro -o cmTC_3f691 /usr/lib/gcc-cross/arm-linux-gnueabi/11/../../../../arm-linux-gnueabi/lib/crt1.o /usr/lib/gcc-cross/arm-linux-gnueabi/11/../../../../arm-linux-gnueabi/lib/crti.o /usr/lib/gcc-cross/arm-linux-gnueabi/11/crtbegin.o -L/usr/lib/gcc-cross/arm-linux-gnueabi/11 -L/usr/lib/gcc-cross/arm-linux-gnueabi/11/../../../../arm-linux-gnueabi/lib -L/lib/arm-linux-gnueabi -L/usr/lib/arm-linux-gnueabi CMakeFiles/cmTC_3f691.dir/CMakeCCompilerABI.c.o -lgcc --push-state --as-needed -lgcc_s --pop-state -lc -lgcc --push-state --as-needed -lgcc_s --pop-state /usr/lib/gcc-cross/arm-linux-gnueabi/11/crtend.o /usr/lib/gcc-cross/arm-linux-gnueabi/11/../../../../arm-linux-gnueabi/lib/crtn.o
COLLECT_GCC_OPTIONS='-v' '-o' 'cmTC_3f691'  '-mfloat-abi=soft' '-mtls-dialect=gnu' '-marm' '-mlibarch=armv5t' '-march=armv5t' '-dumpdir' 'cmTC_3f691.'
gmake[1]: Leaving directory '/home/l/Desktop/superheroes-c/arm-build/CMakeFiles/CMakeTmp'



Parsed C implicit include dir info from above output: rv=done
  found start of include info
  found start of implicit include info
    add: [/usr/lib/gcc-cross/arm-linux-gnueabi/11/include]
    add: [/usr/lib/gcc-cross/arm-linux-gnueabi/11/../../../../arm-linux-gnueabi/include]
    add: [/usr/include]
  end of search list found
  collapse include dir [/usr/lib/gcc-cross/arm-linux-gnueabi/11/include] ==> [/usr/lib/gcc-cross/arm-linux-gnueabi/11/include]
  collapse include dir [/usr/lib/gcc-cross/arm-linux-gnueabi/11/../../../../arm-linux-gnueabi/include] ==> [/usr/arm-linux-gnueabi/include]
  collapse include dir [/usr/include] ==> [/usr/include]
  implicit include dirs: [/usr/lib/gcc-cross/arm-linux-gnueabi/11/include;/usr/arm-linux-gnueabi/include;/usr/include]


Parsed C implicit link information from above output:
  link line regex: [^( *|.*[/\])(ld|CMAKE_LINK_STARTFILE-NOTFOUND|([^/\]+-)?ld|collect2)[^/\]*( |$)]
  ignore line: [Change Dir: /home/l/Desktop/superheroes-c/arm-build/CMakeFiles/CMakeTmp]
  ignore line: []
  ignore line: [Run Build Command(s):/usr/bin/gmake -f Makefile cmTC_3f691/fast && /usr/bin/gmake  -f CMakeFiles/cmTC_3f691.dir/build.make CMakeFiles/cmTC_3f691.dir/build]
  ignore line: [gmake[1]: Entering directory '/home/l/Desktop/superheroes-c/arm-build/CMakeFiles/CMakeTmp']
  ignore line: [Building C object CMakeFiles/cmTC_3f691.dir/CMakeCCompilerABI.c.o]
  ignore line: [/usr/bin/arm-linux-gnueabi-gcc   -v -o CMakeFiles/cmTC_3f691.dir/CMakeCCompilerABI.c.o -c /usr/share/cmake-3.22/Modules/CMakeCCompilerABI.c]
  ignore line: [Using built-in specs.]
  ignore line: [COLLECT_GCC=/usr/bin/arm-linux-gnueabi-gcc]
  ignore line: [Target: arm-linux-gnueabi]
  ignore line: [Configured with: ../src/configure -v --with-pkgversion='Ubuntu 11.4.0-1ubuntu1~22.04' --with-bugurl=file:///usr/share/doc/gcc-11/README.Bugs --enable-languages=c ada c++ go d fortran objc obj-c++ m2 --prefix=/usr --with-gcc-major-version-only --program-suffix=-11 --enable-shared --enable-linker-build-id --libexecdir=/usr/lib --without-included-gettext --enable-threads=posix --libdir=/usr/lib --enable-nls --with-sysroot=/ --enable-clocale=gnu --enable-libstdcxx-debug --enable-libstdcxx-time=yes --with-default-libstdcxx-abi=new --enable-gnu-unique-object --disable-libitm --disable-libquadmath --disable-libquadmath-support --enable-plugin --with-system-zlib --enable-libphobos-checking=release --without-target-system-zlib --enable-multiarch --disable-sjlj-exceptions --with-specs='%{mfloat-abi=hard:-march=armv7-a -mcpu=generic-armv7-a -mfloat-abi=hard}' --with-arch=armv5t --with-float=soft --disable-werror --enable-checking=release --build=x86_64-linux-gnu --host=x86_64-linux-gnu --target=arm-linux-gnueabi --program-prefix=arm-linux-gnueabi- --includedir=/usr/arm-linux-gnueabi/include --with-build-config=bootstrap-lto-lean --enable-link-serialization=2]
  ignore line: [Thread model: posix]
  ignore line: [Supported LTO compression algorithms: zlib zstd]
  ignore line: [gcc version 11.4.0 (Ubuntu 11.4.0-1ubuntu1~22.04) ]
  ignore line: [COLLECT_GCC_OPTIONS='-v' '-o' 'CMakeFiles/cmTC_3f691.dir/CMakeCCompilerABI.c.o' '-c'  '-mfloat-abi=soft' '-mtls-dialect=gnu' '-marm' '-mlibarch=armv5t' '-march=armv5t' '-dumpdir' 'CMakeFiles/cmTC_3f691.dir/']
  ignore line: [ /usr/lib/gcc-cross/arm-linux-gnueabi/11/cc1 -quiet -v -imultilib . -imultiarch arm-linux-gnueabi /usr/share/cmake-3.22/Modules/CMakeCCompilerABI.c -quiet -dumpdir CMakeFiles/cmTC_3f691.dir/ -dumpbase CMakeCCompilerABI.c.c -dumpbase-ext .c -mfloat-abi=soft -mtls-dialect=gnu -marm -mlibarch=armv5t -march=armv5t -version -fstack-protector-strong -Wformat -Wformat-security -o /tmp/cco4SBIh.s]
  ignore line: [GNU C17 (Ubuntu 11.4.0-1ubuntu1~22.04) version 11.4.0 (arm-linux-gnueabi)]
  ignore line: [	compiled by GNU C version 11.4.0  GMP version 6.2.1  MPFR version 4.1.0  MPC version 1.2.1  isl version isl-0.24-GMP]
  ignore line: []
  ignore line: [GGC heuristics: --param ggc-min-expand=100 --param ggc-min-heapsize=131072]
  ignore line: [ignoring nonexistent directory "/usr/local/include/arm-linux-gnueabi"]
  ignore line: [ignoring nonexistent directory "/usr/lib/gcc-cross/arm-linux-gnueabi/11/include-fixed"]
  ignore line: [ignoring nonexistent directory "/usr/include/arm-linux-gnueabi"]
  ignore line: [#include "..." search starts here:]
  ignore line: [#include <...> search starts here:]
  ignore line: [ /usr/lib/gcc-cross/arm-linux-gnueabi/11/include]
  ignore line: [ /usr/lib/gcc-cross/arm-linux-gnueabi/11/../../../../arm-linux-gnueabi/include]
  ignore line: [ /usr/include]
  ignore line: [End of search list.]
  ignore line: [GNU C17 (Ubuntu 11.4.0-1ubuntu1~22.04) version 11.4.0 (arm-linux-gnueabi)]
  ignore line: [	compiled by GNU C version 11.4.0  GMP version 6.2.1  MPFR version 4.1.0  MPC version 1.2.1  isl version isl-0.24-GMP]
  ignore line: []
  ignore line: [GGC heuristics: --param ggc-min-expand=100 --param ggc-min-heapsize=131072]
  ignore line: [Compiler executable checksum: 69acf3a7a3ccf1d0a70e0c06151619a3]
  ignore line: [COLLECT_GCC_OPTIONS='-v' '-o' 'CMakeFiles/cmTC_3f691.dir/CMakeCCompilerABI.c.o' '-c'  '-mfloat-abi=soft' '-mtls-dialect=gnu' '-marm' '-mlibarch=armv5t' '-march=armv5t' '-dumpdir' 'CMakeFiles/cmTC_3f691.dir/']
  ignore line: [ /usr/lib/gcc-cross/arm-linux-gnueabi/11/../../../../arm-linux-gnueabi/bin/as -v -march=armv5t -mfloat-abi=soft -meabi=5 -o CMakeFiles/cmTC_3f691.dir/CMakeCCompilerABI.c.o /tmp/cco4SBIh.s]
  ignore line: [GNU assembler version 2.38 (arm-linux-gnueabi) using BFD version (GNU Binutils for Ubuntu) 2.38]
  ignore line: [COMPILER_PATH=/usr/lib/gcc-cross/arm-linux-gnueabi/11/:/usr/lib/gcc-cross/arm-linux-gnueabi/11/:/usr/lib/gcc-cross/arm-linux-gnueabi/:/usr/lib/gcc-cross/arm-linux-gnueabi/11/:/usr/lib/gcc-cross/arm-linux-gnueabi/:/usr/lib/gcc-cross/arm-linux-gnueabi/11/../../../../arm-linux-gnueabi/bin/]
  ignore line: [LIBRARY_PATH=/usr/lib/gcc-cross/arm-linux-gnueabi/11/:/usr/lib/gcc-cross/arm-linux-gnueabi/11/../../../../arm-linux-gnueabi/lib/:/lib/arm-linux-gnueabi/:/lib/:/usr/lib/arm-linux-gnueabi/:/usr/lib/]
  ignore line: [COLLECT_GCC_OPTIONS='-v' '-o' 'CMakeFiles/cmTC_3f691.dir/CMakeCCompilerABI.c.o' '-c'  '-mfloat-abi=soft' '-mtls-dialect=gnu' '-marm' '-mlibarch=armv5t' '-march=armv5t' '-dumpdir' 'CMakeFiles/cmTC_3f691.dir/CMakeCCompilerABI.c.']
  ignore line: [Linking C executable cmTC_3f691]
  ignore line: [/usr/bin/cmake -E cmake_link_script CMakeFiles/cmTC_3f691.dir/link.txt --verbose=1]
  ignore line: [/usr/bin/arm-linux-gnueabi-gcc  -v CMakeFiles/cmTC_3f691.dir/CMakeCCompilerABI.c.o -o cmTC_3f691 ]
  ignore line: [Using built-in specs.]
  ignore line: [COLLECT_GCC=/usr/bin/arm-linux-gnueabi-gcc]
  ignore line: [COLLECT_LTO_WRAPPER=/usr/lib/gcc-cross/arm-linux-gnueabi/11/lto-wrapper]
  ignore line: [Target: arm-linux-gnueabi]
  ignore line: [Configured with: ../src/configure -v --with-pkgversion='Ubuntu 11.4.0-1ubuntu1~22.04' --with-bugurl=file:///usr/share/doc/gcc-11/README.Bugs --enable-languages=c ada c++ go d fortran objc obj-c++ m2 --prefix=/usr --with-gcc-major-version-only --program-suffix=-11 --enable-shared --enable-linker-build-id --libexecdir=/usr/lib --without-included-gettext --enable-threads=posix --libdir=/usr/lib --enable-nls --with-sysroot=/ --enable-clocale=gnu --enable-libstdcxx-debug --enable-libstdcxx-time=yes --with-default-libstdcxx-abi=new --enable-gnu-unique-object --disable-libitm --disable-libquadmath --disable-libquadmath-support --enable-plugin --with-system-zlib --enable-libphobos-checking=release --without-target-system-zlib --enable-multiarch --disable-sjlj-exceptions --with-specs='%{mfloat-abi=hard:-march=armv7-a -mcpu=generic-armv7-a -mfloat-abi=hard}' --with-arch=armv5t --with-float=soft --disable-werror --enable-checking=release --build=x86_64-linux-gnu --host=x86_64-linux-gnu --target=arm-linux-gnueabi --program-prefix=arm-linux-gnueabi- --includedir=/usr/arm-linux-gnueabi/include --with-build-config=bootstrap-lto-lean --enable-link-serialization=2]
  ignore line: [Thread model: posix]
  ignore line: [Supported LTO compression algorithms: zlib zstd]
  ignore line: [gcc version 11.4.0 (Ubuntu 11.4.0-1ubuntu1~22.04) ]
  ignore line: [COMPILER_PATH=/usr/lib/gcc-cross/arm-linux-gnueabi/11/:/usr/lib/gcc-cross/arm-linux-gnueabi/11/:/usr/lib/gcc-cross/arm-linux-gnueabi/:/usr/lib/gcc-cross/arm-linux-gnueabi/11/:/usr/lib/gcc-cross/arm-linux-gnueabi/:/usr/lib/gcc-cross/arm-linux-gnueabi/11/../../../../arm-linux-gnueabi/bin/]
  ignore line: [LIBRARY_PATH=/usr/lib/gcc-cross/arm-linux-gnueabi/11/:/usr/lib/gcc-cross/arm-linux-gnueabi/11/../../../../arm-linux-gnueabi/lib/:/lib/arm-linux-gnueabi/:/lib/:/usr/lib/arm-linux-gnueabi/:/usr/lib/]
  ignore line: [COLLECT_GCC_OPTIONS='-v' '-o' 'cmTC_3f691'  '-mfloat-abi=soft' '-mtls-dialect=gnu' '-marm' '-mlibarch=armv5t' '-march=armv5t' '-dumpdir' 'cmTC_3f691.']
  link line: [ /usr/lib/gcc-cross/arm-linux-gnueabi/11/collect2 -plugin /usr/lib/gcc-cross/arm-linux-gnueabi/11/liblto_plugin.so -plugin-opt=/usr/lib/gcc-cross/arm-linux-gnueabi/11/lto-wrapper -plugin-opt=-fresolution=/tmp/ccsZfEG6.res -plugin-opt=-pass-through=-lgcc -plugin-opt=-pass-through=-lgcc_s -plugin-opt=-pass-through=-lc -plugin-opt=-pass-through=-lgcc -plugin-opt=-pass-through=-lgcc_s --sysroot=/ --build-id --eh-frame-hdr -dynamic-linker /lib/ld-linux.so.3 -X --hash-style=gnu --as-needed -m armelf_linux_eabi -z relro -o cmTC_3f691 /usr/lib/gcc-cross/arm-linux-gnueabi/11/../../../../arm-linux-gnueabi/lib/crt1.o /usr/lib/gcc-cross/arm-linux-gnueabi/11/../../../../arm-linux-gnueabi/lib/crti.o /usr/lib/gcc-cross/arm-linux-gnueabi/11/crtbegin.o -L/usr/lib/gcc-cross/arm-linux-gnueabi/11 -L/usr/lib/gcc-cross/arm-linux-gnueabi/11/../../../../arm-linux-gnueabi/lib -L/lib/arm-linux-gnueabi -L/usr/lib/arm-linux-gnueabi CMakeFiles/cmTC_3f691.dir/CMakeCCompilerABI.c.o -lgcc --push-state --as-needed -lgcc_s --pop-state -lc -lgcc --push-state --as-needed -lgcc_s --pop-state /usr/lib/gcc-cross/arm-linux-gnueabi/11/crtend.o /usr/lib/gcc-cross/arm-linux-gnueabi/11/../../../../arm-linux-gnueabi/lib/crtn.o]
    arg [/usr/lib/gcc-cross/arm-linux-gnueabi/11/collect2] ==> ignore
    arg [-plugin] ==> ignore
    arg [/usr/lib/gcc-cross/arm-linux-gnueabi/11/liblto_plugin.so] ==> ignore
    arg [-plugin-opt=/usr/lib/gcc-cross/arm-linux-gnueabi/11/lto-wrapper] ==> ignore
    arg [-plugin-opt=-fresolution=/tmp/ccsZfEG6.res] ==> ignore
    arg [-plugin-opt=-pass-through=-lgcc] ==> ignore
    arg [-plugin-opt=-pass-through=-lgcc_s] ==> ignore
    arg [-plugin-opt=-pass-through=-lc] ==> ignore
    arg [-plugin-opt=-pass-through=-lgcc] ==> ignore
    arg [-plugin-opt=-pass-through=-lgcc_s] ==> ignore
    arg [--sysroot=/] ==> ignore
    arg [--build-id] ==> ignore
    arg [--eh-frame-hdr] ==> ignore
    arg [-dynamic-linker] ==> ignore
    arg [/lib/ld-linux.so.3] ==> ignore
    arg [-X] ==> ignore
    arg [--hash-style=gnu] ==> ignore
    arg [--as-needed] ==> ignore
    arg [-m] ==> ignore
    arg [armelf_linux_eabi] ==> ignore
    arg [-zrelro] ==> ignore
    arg [-o] ==> ignore
    arg [cmTC_3f691] ==> ignore
    arg [/usr/lib/gcc-cross/arm-linux-gnueabi/11/../../../../arm-linux-gnueabi/lib/crt1.o] ==> obj [/usr/lib/gcc-cross/arm-linux-gnueabi/11/../../../../arm-linux-gnueabi/lib/crt1.o]
    arg [/usr/lib/gcc-cross/arm-linux-gnueabi/11/../../../../arm-linux-gnueabi/lib/crti.o] ==> obj [/usr/lib/gcc-cross/arm-linux-gnueabi/11/../../../../arm-linux-gnueabi/lib/crti.o]
    arg [/usr/lib/gcc-cross/arm-linux-gnueabi/11/crtbegin.o] ==> obj [/usr/lib/gcc-cross/arm-linux-gnueabi/11/crtbegin.o]
    arg [-L/usr/lib/gcc-cross/arm-linux-gnueabi/11] ==> dir [/usr/lib/gcc-cross/arm-linux-gnueabi/11]
    arg [-L/usr/lib/gcc-cross/arm-linux-gnueabi/11/../../../../arm-linux-gnueabi/lib] ==> dir [/usr/lib/gcc-cross/arm-linux-gnueabi/11/../../../../arm-linux-gnueabi/lib]
    arg [-L/lib/arm-linux-gnueabi] ==> dir [/lib/arm-linux-gnueabi]
    arg [-L/usr/lib/arm-linux-gnueabi] ==> dir [/usr/lib/arm-linux-gnueabi]
    arg [CMakeFiles/cmTC_3f691.dir/CMakeCCompilerABI.c.o] ==> ignore
    arg [-lgcc] ==> lib [gcc]
    arg [--push-state] ==> ignore
    arg [--as-needed] ==> ignore
    arg [-lgcc_s] ==> lib [gcc_s]
    arg [--pop-state] ==> ignore
    arg [-lc] ==> lib [c]
    arg [-lgcc] ==> lib [gcc]
    arg [--push-state] ==> ignore
    arg [--as-needed] ==> ignore
    arg [-lgcc_s] ==> lib [gcc_s]
    arg [--pop-state] ==> ignore
    arg [/usr/lib/gcc-cross/arm-linux-gnueabi/11/crtend.o] ==> obj [/usr/lib/gcc-cross/arm-linux-gnueabi/11/crtend.o]
    arg [/usr/lib/gcc-cross/arm-linux-gnueabi/11/../../../../arm-linux-gnueabi/lib/crtn.o] ==> obj [/usr/lib/gcc-cross/arm-linux-gnueabi/11/../../../../arm-linux-gnueabi/lib/crtn.o]
  collapse obj [/usr/lib/gcc-cross/arm-linux-gnueabi/11/../../../../arm-linux-gnueabi/lib/crt1.o] ==> [/usr/arm-linux-gnueabi/lib/crt1.o]
  collapse obj [/usr/lib/gcc-cross/arm-linux-gnueabi/11/../../../../arm-linux-gnueabi/lib/crti.o] ==> [/usr/arm-linux-gnueabi/lib/crti.o]
  collapse obj [/usr/lib/gcc-cross/arm-linux-gnueabi/11/../../../../arm-linux-gnueabi/lib/crtn.o] ==> [/usr/arm-linux-gnueabi/lib/crtn.o]
  collapse library dir [/usr/lib/gcc-cross/arm-linux-gnueabi/11] ==> [/usr/lib/gcc-cross/arm-linux-gnueabi/11]
  collapse library dir [/usr/lib/gcc-cross/arm-linux-gnueabi/11/../../../../arm-linux-gnueabi/lib] ==> [/usr/arm-linux-gnueabi/lib]
  collapse library dir [/lib/arm-linux-gnueabi] ==> [/lib/arm-linux-gnueabi]
  collapse library dir [/usr/lib/arm-linux-gnueabi] ==> [/usr/lib/arm-linux-gnueabi]
  implicit libs: [gcc;gcc_s;c;gcc;gcc_s]
  implicit objs: [/usr/arm-linux-gnueabi/lib/crt1.o;/usr/arm-linux-gnueabi/lib/crti.o;/usr/lib/gcc-cross/arm-linux-gnueabi/11/crtbegin.o;/usr/lib/gcc-cross/arm-linux-gnueabi/11/crtend.o;/usr/arm-linux-gnueabi/lib/crtn.o]
  implicit dirs: [/usr/lib/gcc-cross/arm-linux-gnueabi/11;/usr/arm-linux-gnueabi/lib;/lib/arm-linux-gnueabi;/usr/lib/arm-linux-gnueabi]
  implicit fwks: []


Detecting CXX compiler ABI info compiled with the following output:
Change Dir: /home/l/Desktop/superheroes-c/arm-build/CMakeFiles/CMakeTmp

Run Build Command(s):/usr/bin/gmake -f Makefile cmTC_b1000/fast && /usr/bin/gmake  -f CMakeFiles/cmTC_b1000.dir/build.make CMakeFiles/cmTC_b1000.dir/build
gmake[1]: Entering directory '/home/l/Desktop/superheroes-c/arm-build/CMakeFiles/CMakeTmp'
Building CXX object CMakeFiles/cmTC_b1000.dir/CMakeCXXCompilerABI.cpp.o
/usr/bin/arm-linux-gnueabi-g++   -v -o CMakeFiles/cmTC_b1000.dir/CMakeCXXCompilerABI.cpp.o -c /usr/share/cmake-3.22/Modules/CMakeCXXCompilerABI.cpp
Using built-in specs.
COLLECT_GCC=/usr/bin/arm-linux-gnueabi-g++
Target: arm-linux-gnueabi
Configured with: ../src/configure -v --with-pkgversion='Ubuntu 11.4.0-1ubuntu1~22.04' --with-bugurl=file:///usr/share/doc/gcc-11/README.Bugs --enable-languages=c,ada,c++,go,d,fortran,objc,obj-c++,m2 --prefix=/usr --with-gcc-major-version-only --program-suffix=-11 --enable-shared --enable-linker-build-id --libexecdir=/usr/lib --without-included-gettext --enable-threads=posix --libdir=/usr/lib --enable-nls --with-sysroot=/ --enable-clocale=gnu --enable-libstdcxx-debug --enable-libstdcxx-time=yes --with-default-libstdcxx-abi=new --enable-gnu-unique-object --disable-libitm --disable-libquadmath --disable-libquadmath-support --enable-plugin --with-system-zlib --enable-libphobos-checking=release --without-target-system-zlib --enable-multiarch --disable-sjlj-exceptions --with-specs='%{mfloat-abi=hard:-march=armv7-a -mcpu=generic-armv7-a -mfloat-abi=hard}' --with-arch=armv5t --with-float=soft --disable-werror --enable-checking=release --build=x86_64-linux-gnu --host=x86_64-linux-gnu --target=arm-linux-gnueabi --program-prefix=arm-linux-gnueabi- --includedir=/usr/arm-linux-gnueabi/include --with-build-config=bootstrap-lto-lean --enable-link-serialization=2
Thread model: posix
Supported LTO compression algorithms: zlib zstd
gcc version 11.4.0 (Ubuntu 11.4.0-1ubuntu1~22.04) 
COLLECT_GCC_OPTIONS='-v' '-o' 'CMakeFiles/cmTC_b1000.dir/CMakeCXXCompilerABI.cpp.o' '-c' '-shared-libgcc'  '-mfloat-abi=soft' '-mtls-dialect=gnu' '-marm' '-mlibarch=armv5t' '-march=armv5t' '-dumpdir' 'CMakeFiles/cmTC_b1000.dir/'
 /usr/lib/gcc-cross/arm-linux-gnueabi/11/cc1plus -quiet -v -imultilib . -imultiarch arm-linux-gnueabi -D_GNU_SOURCE /usr/share/cmake-3.22/Modules/CMakeCXXCompilerABI.cpp -quiet -dumpdir CMakeFiles/cmTC_b1000.dir/ -dumpbase CMakeCXXCompilerABI.cpp.cpp -dumpbase-ext .cpp -mfloat-abi=soft -mtls-dialect=gnu -marm -mlibarch=armv5t -march=armv5t -version -fstack-protector-strong -Wformat -Wformat-security -o /tmp/ccPbxdEH.s
GNU C++17 (Ubuntu 11.4.0-1ubuntu1~22.04) version 11.4.0 (arm-linux-gnueabi)
	compiled by GNU C version 11.4.0, GMP version 6.2.1, MPFR version 4.1.0, MPC version 1.2.1, isl version isl-0.24-GMP

GGC heuristics: --param ggc-min-expand=100 --param ggc-min-heapsize=131072
ignoring nonexistent directory "/usr/local/include/arm-linux-gnueabi"
ignoring nonexistent directory "/usr/lib/gcc-cross/arm-linux-gnueabi/11/include-fixed"
ignoring nonexistent directory "/usr/include/arm-linux-gnueabi"
#include "..." search starts here:
#include <...> search starts here:
 /usr/lib/gcc-cross/arm-linux-gnueabi/11/../../../../arm-linux-gnueabi/include/c++/11
 /usr/lib/gcc-cross/arm-linux-gnueabi/11/../../../../arm-linux-gnueabi/include/c++/11/arm-linux-gnueabi/.
 /usr/lib/gcc-cross/arm-linux-gnueabi/11/../../../../arm-linux-gnueabi/include/c++/11/backward
 /usr/lib/gcc-cross/arm-linux-gnueabi/11/include
 /usr/lib/gcc-cross/arm-linux-gnueabi/11/../../../../arm-linux-gnueabi/include
 /usr/include
End of search list.
GNU C++17 (Ubuntu 11.4.0-1ubuntu1~22.04) version 11.4.0 (arm-linux-gnueabi)
	compiled by GNU C version 11.4.0, GMP version 6.2.1, MPFR version 4.1.0, MPC version 1.2.1, isl version isl-0.24-GMP

GGC heuristics: --param ggc-min-expand=100 --param ggc-min-heapsize=131072
Compiler executable checksum: 316a9919394d83df36a2ea8f28ced4a4
COLLECT_GCC_OPTIONS='-v' '-o' 'CMakeFiles/cmTC_b1000.dir/CMakeCXXCompilerABI.cpp.o' '-c' '-shared-libgcc'  '-mfloat-abi=soft' '-mtls-dialect=gnu' '-marm' '-mlibarch=armv5t' '-march=armv5t' '-dumpdir' 'CMakeFiles/cmTC_b1000.dir/'
 /usr/lib/gcc-cross/arm-linux-gnueabi/11/../../../../arm-linux-gnueabi/bin/as -v -march=armv5t -mfloat-abi=soft -meabi=5 -o CMakeFiles/cmTC_b1000.dir/CMakeCXXCompilerABI.cpp.o /tmp/ccPbxdEH.s
GNU assembler version 2.38 (arm-linux-gnueabi) using BFD version (GNU Binutils for Ubuntu) 2.38
COMPILER_PATH=/usr/lib/gcc-cross/arm-linux-gnueabi/11/:/usr/lib/gcc-cross/arm-linux-gnueabi/11/:/usr/lib/gcc-cross/arm-linux-gnueabi/:/usr/lib/gcc-cross/arm-linux-gnueabi/11/:/usr/lib/gcc-cross/arm-linux-gnueabi/:/usr/lib/gcc-cross/arm-linux-gnueabi/11/../../../../arm-linux-gnueabi/bin/
LIBRARY_PATH=/usr/lib/gcc-cross/arm-linux-gnueabi/11/:/usr/lib/gcc-cross/arm-linux-gnueabi/11/../../../../arm-linux-gnueabi/lib/:/lib/arm-linux-gnueabi/:/lib/:/usr/lib/arm-linux-gnueabi/:/usr/lib/
COLLECT_GCC_OPTIONS='-v' '-o' 'CMakeFiles/cmTC_b1000.dir/CMakeCXXCompilerABI.cpp.o' '-c' '-shared-libgcc'  '-mfloat-abi=soft' '-mtls-dialect=gnu' '-marm' '-mlibarch=armv5t' '-march=armv5t' '-dumpdir' 'CMakeFiles/cmTC_b1000.dir/CMakeCXXCompilerABI.cpp.'
Linking CXX executable cmTC_b1000
/usr/bin/cmake -E cmake_link_script CMakeFiles/cmTC_b1000.dir/link.txt --verbose=1
/usr/bin/arm-linux-gnueabi-g++  -v CMakeFiles/cmTC_b1000.dir/CMakeCXXCompilerABI.cpp.o -o cmTC_b1000 
Using built-in specs.
COLLECT_GCC=/usr/bin/arm-linux-gnueabi-g++
COLLECT_LTO_WRAPPER=/usr/lib/gcc-cross/arm-linux-gnueabi/11/lto-wrapper
Target: arm-linux-gnueabi
Configured with: ../src/configure -v --with-pkgversion='Ubuntu 11.4.0-1ubuntu1~22.04' --with-bugurl=file:///usr/share/doc/gcc-11/README.Bugs --enable-languages=c,ada,c++,go,d,fortran,objc,obj-c++,m2 --prefix=/usr --with-gcc-major-version-only --program-suffix=-11 --enable-shared --enable-linker-build-id --libexecdir=/usr/lib --without-included-gettext --enable-threads=posix --libdir=/usr/lib --enable-nls --with-sysroot=/ --enable-clocale=gnu --enable-libstdcxx-debug --enable-libstdcxx-time=yes --with-default-libstdcxx-abi=new --enable-gnu-unique-object --disable-libitm --disable-libquadmath --disable-libquadmath-support --enable-plugin --with-system-zlib --enable-libphobos-checking=release --without-target-system-zlib --enable-multiarch --disable-sjlj-exceptions --with-specs='%{mfloat-abi=hard:-march=armv7-a -mcpu=generic-armv7-a -mfloat-abi=hard}' --with-arch=armv5t --with-float=soft --disable-werror --enable-checking=release --build=x86_64-linux-gnu --host=x86_64-linux-gnu --target=arm-linux-gnueabi --program-prefix=arm-linux-gnueabi- --includedir=/usr/arm-linux-gnueabi/include --with-build-config=bootstrap-lto-lean --enable-link-serialization=2
Thread model: posix
Supported LTO compression algorithms: zlib zstd
gcc version 11.4.0 (Ubuntu 11.4.0-1ubuntu1~22.04) 
COMPILER_PATH=/usr/lib/gcc-cross/arm-linux-gnueabi/11/:/usr/lib/gcc-cross/arm-linux-gnueabi/11/:/usr/lib/gcc-cross/arm-linux-gnueabi/:/usr/lib/gcc-cross/arm-linux-gnueabi/11/:/usr/lib/gcc-cross/arm-linux-gnueabi/:/usr/lib/gcc-cross/arm-linux-gnueabi/11/../../../../arm-linux-gnueabi/bin/
LIBRARY_PATH=/usr/lib/gcc-cross/arm-linux-gnueabi/11/:/usr/lib/gcc-cross/arm-linux-gnueabi/11/../../../../arm-linux-gnueabi/lib/:/lib/arm-linux-gnueabi/:/lib/:/usr/lib/arm-linux-gnueabi/:/usr/lib/
COLLECT_GCC_OPTIONS='-v' '-o' 'cmTC_b1000' '-shared-libgcc'  '-mfloat-abi=soft' '-mtls-dialect=gnu' '-marm' '-mlibarch=armv5t' '-march=armv5t' '-dumpdir' 'cmTC_b1000.'
 /usr/lib/gcc-cross/arm-linux-gnueabi/11/collect2 -plugin /usr/lib/gcc-cross/arm-linux-gnueabi/11/liblto_plugin.so -plugin-opt=/usr/lib/gcc-cross/arm-linux-gnueabi/11/lto-wrapper -plugin-opt=-fresolution=/tmp/cczNNdNd.res -plugin-opt=-pass-through=-lgcc_s -plugin-opt=-pass-through=-lgcc -plugin-opt=-pass-through=-lc -plugin-opt=-pass-through=-lgcc_s -plugin-opt=-pass-through=-lgcc --sysroot=/ --build-id --eh-frame-hdr -dynamic-linker /lib/ld-linux.so.3 -X --hash-style=gnu --as-needed -m armelf_linux_eabi -z relro -o cmTC_b1000 /usr/lib/gcc-cross/arm-linux-gnueabi/11/../../../../arm-linux-gnueabi/lib/crt1.o /usr/lib/gcc-cross/arm-linux-gnueabi/11/../../../../arm-linux-gnueabi/lib/crti.o /usr/lib/gcc-cross/arm-linux-gnueabi/11/crtbegin.o -L/usr/lib/gcc-cross/arm-linux-gnueabi/11 -L/usr/lib/gcc-cross/arm-linux-gnueabi/11/../../../../arm-linux-gnueabi/lib -L/lib/arm-linux-gnueabi -L/usr/lib/arm-linux-gnueabi CMakeFiles/cmTC_b1000.dir/CMakeCXXCompilerABI.cpp.o -lstdc++ -lm -lgcc_s -lgcc -lc -lgcc_s -lgcc /usr/lib/gcc-cross/arm-linux-gnueabi/11/crtend.o /usr/lib/gcc-cross/arm-linux-gnueabi/11/../../../../arm-linux-gnueabi/lib/crtn.o
COLLECT_GCC_OPTIONS='-v' '-o' 'cmTC_b1000' '-shared-libgcc'  '-mfloat-abi=soft' '-mtls-dialect=gnu' '-marm' '-mlibarch=armv5t' '-march=armv5t' '-dumpdir' 'cmTC_b1000.'
gmake[1]: Leaving directory '/home/l/Desktop/superheroes-c/arm-build/CMakeFiles/CMakeTmp'



Parsed CXX implicit include dir info from above output: rv=done
  found start of include info
  found start of implicit include info
    add: [/usr/lib/gcc-cross/arm-linux-gnueabi/11/../../../../arm-linux-gnueabi/include/c++/11]
    add: [/usr/lib/gcc-cross/arm-linux-gnueabi/11/../../../../arm-linux-gnueabi/include/c++/11/arm-linux-gnueabi/.]
    add: [/usr/lib/gcc-cross/arm-linux-gnueabi/11/../../../../arm-linux-gnueabi/include/c++/11/backward]
    add: [/usr/lib/gcc-cross/arm-linux-gnueabi/11/include]
    add: [/usr/lib/gcc-cross/arm-linux-gnueabi/11/../../../../arm-linux-gnueabi/include]
    add: [/usr/include]
  end of search list found
  collapse include dir [/usr/lib/gcc-cross/arm-linux-gnueabi/11/../../../../arm-linux-gnueabi/include/c++/11] ==> [/usr/arm-linux-gnueabi/include/c++/11]
  collapse include dir [/usr/lib/gcc-cross/arm-linux-gnueabi/11/../../../../arm-linux-gnueabi/include/c++/11/arm-linux-gnueabi/.] ==> [/usr/arm-linux-gnueabi/include/c++/11/arm-linux-gnueabi]
  collapse include dir [/usr/lib/gcc-cross/arm-linux-gnueabi/11/../../../../arm-linux-gnueabi/include/c++/11/backward] ==> [/usr/arm-linux-gnueabi/include/c++/11/backward]
  collapse include dir [/usr/lib/gcc-cross/arm-linux-gnueabi/11/include] ==> [/usr/lib/gcc-cross/arm-linux-gnueabi/11/include]
  collapse include dir [/usr/lib/gcc-cross/arm-linux-gnueabi/11/../../../../arm-linux-gnueabi/include] ==> [/usr/arm-linux-gnueabi/include]
  collapse include dir [/usr/include] ==> [/usr/include]
  implicit include dirs: [/usr/arm-linux-gnueabi/include/c++/11;/usr/arm-linux-gnueabi/include/c++/11/arm-linux-gnueabi;/usr/arm-linux-gnueabi/include/c++/11/backward;/usr/lib/gcc-cross/arm-linux-gnueabi/11/include;/usr/arm-linux-gnueabi/include;/usr/include]


Parsed CXX implicit link information from above output:
  link line regex: [^( *|.*[/\])(ld|CMAKE_LINK_STARTFILE-NOTFOUND|([^/\]+-)?ld|collect2)[^/\]*( |$)]
  ignore line: [Change Dir: /home/l/Desktop/superheroes-c/arm-build/CMakeFiles/CMakeTmp]
  ignore line: []
  ignore line: [Run Build Command(s):/usr/bin/gmake -f Makefile cmTC_b1000/fast && /usr/bin/gmake  -f CMakeFiles/cmTC_b1000.dir/build.make CMakeFiles/cmTC_b1000.dir/build]
  ignore line: [gmake[1]: Entering directory '/home/l/Desktop/superheroes-c/arm-build/CMakeFiles/CMakeTmp']
  ignore line: [Building CXX object CMakeFiles/cmTC_b1000.dir/CMakeCXXCompilerABI.cpp.o]
  ignore line: [/usr/bin/arm-linux-gnueabi-g++   -v -o CMakeFiles/cmTC_b1000.dir/CMakeCXXCompilerABI.cpp.o -c /usr/share/cmake-3.22/Modules/CMakeCXXCompilerABI.cpp]
  ignore line: [Using built-in specs.]
  ignore line: [COLLECT_GCC=/usr/bin/arm-linux-gnueabi-g++]
  ignore line: [Target: arm-linux-gnueabi]
  ignore line: [Configured with: ../src/configure -v --with-pkgversion='Ubuntu 11.4.0-1ubuntu1~22.04' --with-bugurl=file:///usr/share/doc/gcc-11/README.Bugs --enable-languages=c ada c++ go d fortran objc obj-c++ m2 --prefix=/usr --with-gcc-major-version-only --program-suffix=-11 --enable-shared --enable-linker-build-id --libexecdir=/usr/lib --without-included-gettext --enable-threads=posix --libdir=/usr/lib --enable-nls --with-sysroot=/ --enable-clocale=gnu --enable-libstdcxx-debug --enable-libstdcxx-time=yes --with-default-libstdcxx-abi=new --enable-gnu-unique-object --disable-libitm --disable-libquadmath --disable-libquadmath-support --enable-plugin --with-system-zlib --enable-libphobos-checking=release --without-target-system-zlib --enable-multiarch --disable-sjlj-exceptions --with-specs='%{mfloat-abi=hard:-march=armv7-a -mcpu=generic-armv7-a -mfloat-abi=hard}' --with-arch=armv5t --with-float=soft --disable-werror --enable-checking=release --build=x86_64-linux-gnu --host=x86_64-linux-gnu --target=arm-linux-gnueabi --program-prefix=arm-linux-gnueabi- --includedir=/usr/arm-linux-gnueabi/include --with-build-config=bootstrap-lto-lean --enable-link-serialization=2]
  ignore line: [Thread model: posix]
  ignore line: [Supported LTO compression algorithms: zlib zstd]
  ignore line: [gcc version 11.4.0 (Ubuntu 11.4.0-1ubuntu1~22.04) ]
  ignore line: [COLLECT_GCC_OPTIONS='-v' '-o' 'CMakeFiles/cmTC_b1000.dir/CMakeCXXCompilerABI.cpp.o' '-c' '-shared-libgcc'  '-mfloat-abi=soft' '-mtls-dialect=gnu' '-marm' '-mlibarch=armv5t' '-march=armv5t' '-dumpdir' 'CMakeFiles/cmTC_b1000.dir/']
  ignore line: [ /usr/lib/gcc-cross/arm-linux-gnueabi/11/cc1plus -quiet -v -imultilib . -imultiarch arm-linux-gnueabi -D_GNU_SOURCE /usr/share/cmake-3.22/Modules/CMakeCXXCompilerABI.cpp -quiet -dumpdir CMakeFiles/cmTC_b1000.dir/ -dumpbase CMakeCXXCompilerABI.cpp.cpp -dumpbase-ext .cpp -mfloat-abi=soft -mtls-dialect=gnu -marm -mlibarch=armv5t -march=armv5t -version -fstack-protector-strong -Wformat -Wformat-security -o /tmp/ccPbxdEH.s]
  ignore line: [GNU C++17 (Ubuntu 11.4.0-1ubuntu1~22.04) version 11.4.0 (arm-linux-gnueabi)]
  ignore line: [	compiled by GNU C version 11.4.0  GMP version 6.2.1  MPFR version 4.1.0  MPC version 1.2.1  isl version isl-0.24-GMP]
  ignore line: []
  ignore line: [GGC heuristics: --param ggc-min-expand=100 --param ggc-min-heapsize=131072]
  ignore line: [ignoring nonexistent directory "/usr/local/include/arm-linux-gnueabi"]
  ignore line: [ignoring nonexistent directory "/usr/lib/gcc-cross/arm-linux-gnueabi/11/include-fixed"]
  ignore line: [ignoring nonexistent directory "/usr/include/arm-linux-gnueabi"]
  ignore line: [#include "..." search starts here:]
  ignore line: [#include <...> search starts here:]
  ignore line: [ /usr/lib/gcc-cross/arm-linux-gnueabi/11/../../../../arm-linux-gnueabi/include/c++/11]
  ignore line: [ /usr/lib/gcc-cross/arm-linux-gnueabi/11/../../../../arm-linux-gnueabi/include/c++/11/arm-linux-gnueabi/.]
  ignore line: [ /usr/lib/gcc-cross/arm-linux-gnueabi/11/../../../../arm-linux-gnueabi/include/c++/11/backward]
  ignore line: [ /usr/lib/gcc-cross/arm-linux-gnueabi/11/include]
  ignore line: [ /usr/lib/gcc-cross/arm-linux-gnueabi/11/../../../../arm-linux-gnueabi/include]
  ignore line: [ /usr/include]
  ignore line: [End of search list.]
  ignore line: [GNU C++17 (Ubuntu 11.4.0-1ubuntu1~22.04) version 11.4.0 (arm-linux-gnueabi)]
  ignore line: [	compiled by GNU C version 11.4.0  GMP version 6.2.1  MPFR version 4.1.0  MPC version 1.2.1  isl version isl-0.24-GMP]
  ignore line: []
  ignore line: [GGC heuristics: --param ggc-min-expand=100 --param ggc-min-heapsize=131072]
  ignore line: [Compiler executable checksum: 316a9919394d83df36a2ea8f28ced4a4]
  ignore line: [COLLECT_GCC_OPTIONS='-v' '-o' 'CMakeFiles/cmTC_b1000.dir/CMakeCXXCompilerABI.cpp.o' '-c' '-shared-libgcc'  '-mfloat-abi=soft' '-mtls-dialect=gnu' '-marm' '-mlibarch=armv5t' '-march=armv5t' '-dumpdir' 'CMakeFiles/cmTC_b1000.dir/']
  ignore line: [ /usr/lib/gcc-cross/arm-linux-gnueabi/11/../../../../arm-linux-gnueabi/bin/as -v -march=armv5t -mfloat-abi=soft -meabi=5 -o CMakeFiles/cmTC_b1000.dir/CMakeCXXCompilerABI.cpp.o /tmp/ccPbxdEH.s]
  ignore line: [GNU assembler version 2.38 (arm-linux-gnueabi) using BFD version (GNU Binutils for Ubuntu) 2.38]
  ignore line: [COMPILER_PATH=/usr/lib/gcc-cross/arm-linux-gnueabi/11/:/usr/lib/gcc-cross/arm-linux-gnueabi/11/:/usr/lib/gcc-cross/arm-linux-gnueabi/:/usr/lib/gcc-cross/arm-linux-gnueabi/11/:/usr/lib/gcc-cross/arm-linux-gnueabi/:/usr/lib/gcc-cross/arm-linux-gnueabi/11/../../../../arm-linux-gnueabi/bin/]
  ignore line: [LIBRARY_PATH=/usr/lib/gcc-cross/arm-linux-gnueabi/11/:/usr/lib/gcc-cross/arm-linux-gnueabi/11/../../../../arm-linux-gnueabi/lib/:/lib/arm-linux-gnueabi/:/lib/:/usr/lib/arm-linux-gnueabi/:/usr/lib/]
  ignore line: [COLLECT_GCC_OPTIONS='-v' '-o' 'CMakeFiles/cmTC_b1000.dir/CMakeCXXCompilerABI.cpp.o' '-c' '-shared-libgcc'  '-mfloat-abi=soft' '-mtls-dialect=gnu' '-marm' '-mlibarch=armv5t' '-march=armv5t' '-dumpdir' 'CMakeFiles/cmTC_b1000.dir/CMakeCXXCompilerABI.cpp.']
  ignore line: [Linking CXX executable cmTC_b1000]
  ignore line: [/usr/bin/cmake -E cmake_link_script CMakeFiles/cmTC_b1000.dir/link.txt --verbose=1]
  ignore line: [/usr/bin/arm-linux-gnueabi-g++  -v CMakeFiles/cmTC_b1000.dir/CMakeCXXCompilerABI.cpp.o -o cmTC_b1000 ]
  ignore line: [Using built-in specs.]
  ignore line: [COLLECT_GCC=/usr/bin/arm-linux-gnueabi-g++]
  ignore line: [COLLECT_LTO_WRAPPER=/usr/lib/gcc-cross/arm-linux-gnueabi/11/lto-wrapper]
  ignore line: [Target: arm-linux-gnueabi]
  ignore line: [Configured with: ../src/configure -v --with-pkgversion='Ubuntu 11.4.0-1ubuntu1~22.04' --with-bugurl=file:///usr/share/doc/gcc-11/README.Bugs --enable-languages=c ada c++ go d fortran objc obj-c++ m2 --prefix=/usr --with-gcc-major-version-only --program-suffix=-11 --enable-shared --enable-linker-build-id --libexecdir=/usr/lib --without-included-gettext --enable-threads=posix --libdir=/usr/lib --enable-nls --with-sysroot=/ --enable-clocale=gnu --enable-libstdcxx-debug --enable-libstdcxx-time=yes --with-default-libstdcxx-abi=new --enable-gnu-unique-object --disable-libitm --disable-libquadmath --disable-libquadmath-support --enable-plugin --with-system-zlib --enable-libphobos-checking=release --without-target-system-zlib --enable-multiarch --disable-sjlj-exceptions --with-specs='%{mfloat-abi=hard:-march=armv7-a -mcpu=generic-armv7-a -mfloat-abi=hard}' --with-arch=armv5t --with-float=soft --disable-werror --enable-checking=release --build=x86_64-linux-gnu --host=x86_64-linux-gnu --target=arm-linux-gnueabi --program-prefix=arm-linux-gnueabi- --includedir=/usr/arm-linux-gnueabi/include --with-build-config=bootstrap-lto-lean --enable-link-serialization=2]
  ignore line: [Thread model: posix]
  ignore line: [Supported LTO compression algorithms: zlib zstd]
  ignore line: [gcc version 11.4.0 (Ubuntu 11.4.0-1ubuntu1~22.04) ]
  ignore line: [COMPILER_PATH=/usr/lib/gcc-cross/arm-linux-gnueabi/11/:/usr/lib/gcc-cross/arm-linux-gnueabi/11/:/usr/lib/gcc-cross/arm-linux-gnueabi/:/usr/lib/gcc-cross/arm-linux-gnueabi/11/:/usr/lib/gcc-cross/arm-linux-gnueabi/:/usr/lib/gcc-cross/arm-linux-gnueabi/11/../../../../arm-linux-gnueabi/bin/]
  ignore line: [LIBRARY_PATH=/usr/lib/gcc-cross/arm-linux-gnueabi/11/:/usr/lib/gcc-cross/arm-linux-gnueabi/11/../../../../arm-linux-gnueabi/lib/:/lib/arm-linux-gnueabi/:/lib/:/usr/lib/arm-linux-gnueabi/:/usr/lib/]
  ignore line: [COLLECT_GCC_OPTIONS='-v' '-o' 'cmTC_b1000' '-shared-libgcc'  '-mfloat-abi=soft' '-mtls-dialect=gnu' '-marm' '-mlibarch=armv5t' '-march=armv5t' '-dumpdir' 'cmTC_b1000.']
  link line: [ /usr/lib/gcc-cross/arm-linux-gnueabi/11/collect2 -plugin /usr/lib/gcc-cross/arm-linux-gnueabi/11/liblto_plugin.so -plugin-opt=/usr/lib/gcc-cross/arm-linux-gnueabi/11/lto-wrapper -plugin-opt=-fresolution=/tmp/cczNNdNd.res -plugin-opt=-pass-through=-lgcc_s -plugin-opt=-pass-through=-lgcc -plugin-opt=-pass-through=-lc -plugin-opt=-pass-through=-lgcc_s -plugin-opt=-pass-through=-lgcc --sysroot=/ --build-id --eh-frame-hdr -dynamic-linker /lib/ld-linux.so.3 -X --hash-style=gnu --as-needed -m armelf_linux_eabi -z relro -o cmTC_b1000 /usr/lib/gcc-cross/arm-linux-gnueabi/11/../../../../arm-linux-gnueabi/lib/crt1.o /usr/lib/gcc-cross/arm-linux-gnueabi/11/../../../../arm-linux-gnueabi/lib/crti.o /usr/lib/gcc-cross/arm-linux-gnueabi/11/crtbegin.o -L/usr/lib/gcc-cross/arm-linux-gnueabi/11 -L/usr/lib/gcc-cross/arm-linux-gnueabi/11/../../../../arm-linux-gnueabi/lib -L/lib/arm-linux-gnueabi -L/usr/lib/arm-linux-gnueabi CMakeFiles/cmTC_b1000.dir/CMakeCXXCompilerABI.cpp.o -lstdc++ -lm -lgcc_s -lgcc -lc -lgcc_s -lgcc /usr/lib/gcc-cross/arm-linux-gnueabi/11/crtend.o /usr/lib/gcc-cross/arm-linux-gnueabi/11/../../../../arm-linux-gnueabi/lib/crtn.o]
    arg [/usr/lib/gcc-cross/arm-linux-gnueabi/11/collect2] ==> ignore
    arg [-plugin] ==> ignore
    arg [/usr/lib/gcc-cross/arm-linux-gnueabi/11/liblto_plugin.so] ==> ignore
    arg [-plugin-opt=/usr/lib/gcc-cross/arm-linux-gnueabi/11/lto-wrapper] ==> ignore
    arg [-plugin-opt=-fresolution=/tmp/cczNNdNd.res] ==> ignore
    arg [-plugin-opt=-pass-through=-lgcc_s] ==> ignore
    arg [-plugin-opt=-pass-through=-lgcc] ==> ignore
    arg [-plugin-opt=-pass-through=-lc] ==> ignore
    arg [-plugin-opt=-pass-through=-lgcc_s] ==> ignore
    arg [-plugin-opt=-pass-through=-lgcc] ==> ignore
    arg [--sysroot=/] ==> ignore
    arg [--build-id] ==> ignore
    arg [--eh-frame-hdr] ==> ignore
    arg [-dynamic-linker] ==> ignore
    arg [/lib/ld-linux.so.3] ==> ignore
    arg [-X] ==> ignore
    arg [--hash-style=gnu] ==> ignore
    arg [--as-needed] ==> ignore
    arg [-m] ==> ignore
    arg [armelf_linux_eabi] ==> ignore
    arg [-zrelro] ==> ignore
    arg [-o] ==> ignore
    arg [cmTC_b1000] ==> ignore
    arg [/usr/lib/gcc-cross/arm-linux-gnueabi/11/../../../../arm-linux-gnueabi/lib/crt1.o] ==> obj [/usr/lib/gcc-cross/arm-linux-gnueabi/11/../../../../arm-linux-gnueabi/lib/crt1.o]
    arg [/usr/lib/gcc-cross/arm-linux-gnueabi/11/../../../../arm-linux-gnueabi/lib/crti.o] ==> obj [/usr/lib/gcc-cross/arm-linux-gnueabi/11/../../../../arm-linux-gnueabi/lib/crti.o]
    arg [/usr/lib/gcc-cross/arm-linux-gnueabi/11/crtbegin.o] ==> obj [/usr/lib/gcc-cross/arm-linux-gnueabi/11/crtbegin.o]
    arg [-L/usr/lib/gcc-cross/arm-linux-gnueabi/11] ==> dir [/usr/lib/gcc-cross/arm-linux-gnueabi/11]
    arg [-L/usr/lib/gcc-cross/arm-linux-gnueabi/11/../../../../arm-linux-gnueabi/lib] ==> dir [/usr/lib/gcc-cross/arm-linux-gnueabi/11/../../../../arm-linux-gnueabi/lib]
    arg [-L/lib/arm-linux-gnueabi] ==> dir [/lib/arm-linux-gnueabi]
    arg [-L/usr/lib/arm-linux-gnueabi] ==> dir [/usr/lib/arm-linux-gnueabi]
    arg [CMakeFiles/cmTC_b1000.dir/CMakeCXXCompilerABI.cpp.o] ==> ignore
    arg [-lstdc++] ==> lib [stdc++]
    arg [-lm] ==> lib [m]
    arg [-lgcc_s] ==> lib [gcc_s]
    arg [-lgcc] ==> lib [gcc]
    arg [-lc] ==> lib [c]
    arg [-lgcc_s] ==> lib [gcc_s]
    arg [-lgcc] ==> lib [gcc]
    arg [/usr/lib/gcc-cross/arm-linux-gnueabi/11/crtend.o] ==> obj [/usr/lib/gcc-cross/arm-linux-gnueabi/11/crtend.o]
    arg [/usr/lib/gcc-cross/arm-linux-gnueabi/11/../../../../arm-linux-gnueabi/lib/crtn.o] ==> obj [/usr/lib/gcc-cross/arm-linux-gnueabi/11/../../../../arm-linux-gnueabi/lib/crtn.o]
  collapse obj [/usr/lib/gcc-cross/arm-linux-gnueabi/11/../../../../arm-linux-gnueabi/lib/crt1.o] ==> [/usr/arm-linux-gnueabi/lib/crt1.o]
  collapse obj [/usr/lib/gcc-cross/arm-linux-gnueabi/11/../../../../arm-linux-gnueabi/lib/crti.o] ==> [/usr/arm-linux-gnueabi/lib/crti.o]
  collapse obj [/usr/lib/gcc-cross/arm-linux-gnueabi/11/../../../../arm-linux-gnueabi/lib/crtn.o] ==> [/usr/arm-linux-gnueabi/lib/crtn.o]
  collapse library dir [/usr/lib/gcc-cross/arm-linux-gnueabi/11] ==> [/usr/lib/gcc-cross/arm-linux-gnueabi/11]
  collapse library dir [/usr/lib/gcc-cross/arm-linux-gnueabi/11/../../../../arm-linux-gnueabi/lib] ==> [/usr/arm-linux-gnueabi/lib]
  collapse library dir [/lib/arm-linux-gnueabi] ==> [/lib/arm-linux-gnueabi]
  collapse library dir [/usr/lib/arm-linux-gnueabi] ==> [/usr/lib/arm-linux-gnueabi]
  implicit libs: [stdc++;m;gcc_s;gcc;c;gcc_s;gcc]
  implicit objs: [/usr/arm-linux-gnueabi/lib/crt1.o;/usr/arm-linux-gnueabi/lib/crti.o;/usr/lib/gcc-cross/arm-linux-gnueabi/11/crtbegin.o;/usr/lib/gcc-cross/arm-linux-gnueabi/11/crtend.o;/usr/arm-linux-gnueabi/lib/crtn.o]
  implicit dirs: [/usr/lib/gcc-cross/arm-linux-gnueabi/11;/usr/arm-linux-gnueabi/lib;/lib/arm-linux-gnueabi;/usr/lib/arm-linux-gnueabi]
  implicit fwks: []


